{"level":"info","message":"New database connection established with ID: 5900"}
{"level":"info","message":"Connection 5900 acquired"}
{"level":"info","message":"New database connection established with ID: 5899"}
{"level":"info","message":"Connection 5899 acquired"}
{"level":"info","message":"New database connection established with ID: 5898"}
{"level":"info","message":"Connection 5898 acquired"}
{"level":"info","message":"New database connection established with ID: 5897"}
{"level":"info","message":"Connection 5897 acquired"}
{"level":"info","message":"New database connection established with ID: 5902"}
{"level":"info","message":"Connection 5902 acquired"}
{"level":"info","message":"New database connection established with ID: 5901"}
{"level":"info","message":"Connection 5901 acquired"}
{"level":"info","message":"Connection 5900 released"}
{"level":"info","message":"Connection 5899 released"}
{"level":"info","message":"Connection 5897 released"}
{"level":"info","message":"Connection 5901 released"}
{"level":"info","message":"Connection 5898 released"}
{"level":"info","message":"Connection 5902 released"}
{"level":"info","message":"Connection 5899 acquired"}
{"level":"info","message":"Connection 5898 acquired"}
{"level":"info","message":"Connection 5900 acquired"}
{"level":"info","message":"Connection 5897 acquired"}
{"level":"info","message":"Connection 5901 acquired"}
{"level":"info","message":"Connection 5899 released"}
{"level":"info","message":"Connection 5898 released"}
{"level":"info","message":"Connection 5900 released"}
{"level":"info","message":"Connection 5897 released"}
{"level":"info","message":"Connection 5901 released"}
{"level":"info","message":"Connection 5902 acquired"}
{"level":"info","message":"Connection 5902 released"}
{"level":"error","message":"Database error during upload: Access Denied"}
{"level":"info","message":"New database connection established with ID: 5916"}
{"level":"info","message":"Connection 5916 acquired"}
{"level":"info","message":"New database connection established with ID: 5915"}
{"level":"info","message":"Connection 5915 acquired"}
{"level":"info","message":"Connection 5916 released"}
{"level":"info","message":"Connection 5915 released"}
{"level":"info","message":"Connection 5916 acquired"}
{"level":"info","message":"Connection 5916 released"}
{"level":"info","message":"New database connection established with ID: 5917"}
{"level":"info","message":"Connection 5917 acquired"}
{"level":"info","message":"New database connection established with ID: 5918"}
{"level":"info","message":"Connection 5918 acquired"}
{"level":"info","message":"New database connection established with ID: 5919"}
{"level":"info","message":"Connection 5919 acquired"}
{"level":"info","message":"New database connection established with ID: 5920"}
{"level":"info","message":"Connection 5920 acquired"}
{"level":"info","message":"Connection 5917 released"}
{"level":"info","message":"Connection 5918 released"}
{"level":"info","message":"Connection 5919 released"}
{"level":"info","message":"Connection 5920 released"}
{"level":"info","message":"Connection 5915 acquired"}
{"level":"info","message":"Connection 5915 released"}
{"level":"info","message":"Connection 5918 acquired"}
{"level":"info","message":"Connection 5917 acquired"}
{"level":"info","message":"Connection 5919 acquired"}
{"level":"info","message":"Connection 5920 acquired"}
{"level":"info","message":"Connection 5916 acquired"}
{"level":"info","message":"Connection 5917 released"}
{"level":"info","message":"Connection 5918 released"}
{"level":"info","message":"Connection 5919 released"}
{"level":"info","message":"Connection 5920 released"}
{"level":"info","message":"Connection 5916 released"}
{"level":"info","message":"Connection 5915 acquired"}
{"level":"info","message":"Connection 5915 released"}
{"level":"error","message":"Database error during upload: Access Denied"}
{"level":"info","message":"Connection 5917 acquired"}
{"level":"info","message":"Connection 5917 released"}
{"level":"error","message":"Database error during upload: Access Denied"}
{"level":"info","message":"New database connection established with ID: 6782"}
{"level":"info","message":"Connection 6782 acquired"}
{"level":"info","message":"Connection 6782 released"}
{"level":"info","message":"Connection 6782 acquired"}
{"level":"info","message":"Connection 6782 released"}
{"level":"info","message":"Connection 6782 acquired"}
{"level":"info","message":"Connection 6782 released"}
{"level":"info","message":"New database connection established with ID: 6786"}
{"level":"info","message":"Connection 6786 acquired"}
{"level":"info","message":"New database connection established with ID: 6783"}
{"level":"info","message":"Connection 6783 acquired"}
{"level":"info","message":"New database connection established with ID: 6784"}
{"level":"info","message":"Connection 6784 acquired"}
{"level":"info","message":"New database connection established with ID: 6785"}
{"level":"info","message":"Connection 6785 acquired"}
{"level":"info","message":"Connection 6785 released"}
{"level":"info","message":"Connection 6784 released"}
{"level":"info","message":"Connection 6786 released"}
{"level":"info","message":"Connection 6783 released"}
{"level":"info","message":"Connection 6782 acquired"}
{"level":"info","message":"Connection 6782 released"}
{"level":"info","message":"Connection 6784 acquired"}
{"level":"info","message":"Connection 6785 acquired"}
{"level":"info","message":"Connection 6786 acquired"}
{"level":"info","message":"Connection 6785 released"}
{"level":"info","message":"Connection 6784 released"}
{"level":"info","message":"Connection 6786 released"}
{"level":"info","message":"Connection 6783 acquired"}
{"level":"info","message":"Connection 6785 acquired"}
{"level":"info","message":"Connection 6782 acquired"}
{"level":"info","message":"Connection 6783 released"}
{"level":"info","message":"Connection 6785 released"}
{"level":"info","message":"Connection 6782 released"}
{"level":"info","message":"Connection 6784 acquired"}
{"level":"info","message":"New database connection established with ID: 6787"}
{"level":"info","message":"Connection 6787 acquired"}
{"level":"info","message":"New database connection established with ID: 6788"}
{"level":"info","message":"Connection 6788 acquired"}
{"level":"info","message":"Connection 6784 released"}
{"level":"info","message":"Connection 6787 released"}
{"level":"info","message":"Connection 6786 acquired"}
{"level":"info","message":"Connection 6782 acquired"}
{"level":"info","message":"Connection 6784 acquired"}
{"level":"info","message":"Connection 6785 acquired"}
{"level":"info","message":"Connection 6783 acquired"}
{"level":"info","message":"Connection 6788 released"}
{"level":"info","message":"Connection 6786 released"}
{"level":"info","message":"Connection 6782 released"}
{"level":"info","message":"Connection 6784 released"}
{"level":"info","message":"Connection 6783 released"}
{"level":"info","message":"Connection 6785 released"}
{"level":"info","message":"New database connection established with ID: 7093"}
{"level":"info","message":"Connection 7093 acquired"}
{"level":"info","message":"New database connection established with ID: 7092"}
{"level":"info","message":"Connection 7092 acquired"}
{"level":"info","message":"Connection 7093 released"}
{"level":"info","message":"Connection 7092 released"}
{"level":"info","message":"Connection 7093 acquired"}
{"level":"info","message":"Connection 7092 acquired"}
{"level":"info","message":"Connection 7093 released"}
{"level":"info","message":"Connection 7092 released"}
{"level":"info","message":"Connection 7093 acquired"}
{"level":"info","message":"New database connection established with ID: 7094"}
{"level":"info","message":"Connection 7094 acquired"}
{"level":"info","message":"New database connection established with ID: 7095"}
{"level":"info","message":"Connection 7095 acquired"}
{"level":"info","message":"New database connection established with ID: 7096"}
{"level":"info","message":"Connection 7096 acquired"}
{"level":"info","message":"Connection 7093 released"}
{"level":"info","message":"Connection 7094 released"}
{"level":"info","message":"Connection 7096 released"}
{"level":"info","message":"Connection 7095 released"}
{"level":"info","message":"Connection 7093 acquired"}
{"level":"info","message":"Connection 7092 acquired"}
{"level":"info","message":"Connection 7092 released"}
{"level":"info","message":"Connection 7093 released"}
{"level":"info","message":"New database connection established with ID: 7097"}
{"level":"info","message":"Connection 7097 acquired"}
{"level":"info","message":"New database connection established with ID: 7098"}
{"level":"info","message":"Connection 7098 acquired"}
{"level":"info","message":"New database connection established with ID: 7099"}
{"level":"info","message":"Connection 7099 acquired"}
{"level":"info","message":"Connection 7098 released"}
{"level":"info","message":"Connection 7097 released"}
{"level":"info","message":"Connection 7099 released"}
{"level":"info","message":"Connection 7094 acquired"}
{"level":"info","message":"Connection 7096 acquired"}
{"level":"info","message":"Connection 7094 released"}
{"level":"info","message":"Connection 7096 released"}
{"level":"info","message":"Connection 7097 acquired"}
{"level":"info","message":"Connection 7092 acquired"}
{"level":"info","message":"Connection 7098 acquired"}
{"level":"info","message":"Connection 7095 acquired"}
{"level":"info","message":"Connection 7093 acquired"}
{"level":"info","message":"Connection 7097 released"}
{"level":"info","message":"Connection 7098 released"}
{"level":"info","message":"Connection 7093 released"}
{"level":"info","message":"Connection 7095 released"}
{"level":"info","message":"Connection 7092 released"}
{"level":"info","message":"Connection 7099 acquired"}
{"level":"info","message":"Connection 7099 released"}
{"level":"info","message":"Connection 7094 acquired"}
{"level":"info","message":"Connection 7097 acquired"}
{"level":"info","message":"Connection 7098 acquired"}
{"level":"info","message":"Connection 7096 acquired"}
{"level":"info","message":"Connection 7093 acquired"}
{"level":"info","message":"Connection 7094 released"}
{"level":"info","message":"Connection 7098 released"}
{"level":"info","message":"Connection 7096 released"}
{"level":"info","message":"Connection 7093 released"}
{"level":"info","message":"Connection 7097 released"}
{"level":"info","message":"Connection 7095 acquired"}
{"level":"info","message":"Connection 7095 released"}
{"level":"info","message":"Connection 7092 acquired"}
{"level":"info","message":"Connection 7092 released"}
{"level":"info","message":"Connection 7099 acquired"}
{"level":"info","message":"Connection 7099 released"}
{"level":"info","message":"Connection 7094 acquired"}
{"level":"info","message":"Connection 7094 released"}
{"level":"info","message":"Connection 7098 acquired"}
{"level":"info","message":"Connection 7096 acquired"}
{"level":"info","message":"Connection 7097 acquired"}
{"level":"info","message":"Connection 7093 acquired"}
{"level":"info","message":"Connection 7095 acquired"}
{"level":"info","message":"Connection 7093 released"}
{"level":"info","message":"Connection 7095 released"}
{"level":"info","message":"Connection 7096 released"}
{"level":"info","message":"Connection 7097 released"}
{"level":"info","message":"Connection 7098 released"}
{"level":"info","message":"Connection 7099 acquired"}
{"level":"info","message":"Connection 7092 acquired"}
{"level":"info","message":"Connection 7099 released"}
{"level":"info","message":"Connection 7092 released"}
{"level":"info","message":"Connection 7097 acquired"}
{"level":"info","message":"Connection 7094 acquired"}
{"level":"info","message":"Connection 7093 acquired"}
{"level":"info","message":"Connection 7095 acquired"}
{"level":"info","message":"Connection 7096 acquired"}
{"level":"info","message":"Connection 7093 released"}
{"level":"info","message":"Connection 7097 released"}
{"level":"info","message":"Connection 7094 released"}
{"level":"info","message":"Connection 7095 released"}
{"level":"info","message":"Connection 7096 released"}
{"level":"info","message":"Connection 7098 acquired"}
{"level":"info","message":"Connection 7098 released"}
{"level":"info","message":"Connection 7093 acquired"}
{"level":"info","message":"Connection 7099 acquired"}
{"level":"info","message":"Connection 7097 acquired"}
{"level":"info","message":"Connection 7094 acquired"}
{"level":"info","message":"Connection 7092 acquired"}
{"level":"info","message":"Connection 7093 released"}
{"level":"info","message":"Connection 7092 released"}
{"level":"info","message":"Connection 7097 released"}
{"level":"info","message":"Connection 7099 released"}
{"level":"info","message":"Connection 7094 released"}
{"level":"info","message":"Connection 7096 acquired"}
{"level":"info","message":"Connection 7095 acquired"}
{"level":"info","message":"Connection 7096 released"}
{"level":"info","message":"Connection 7095 released"}
{"level":"info","message":"Connection 7099 acquired"}
{"level":"info","message":"Connection 7098 acquired"}
{"level":"info","message":"Connection 7097 acquired"}
{"level":"info","message":"Connection 7092 acquired"}
{"level":"info","message":"Connection 7093 acquired"}
{"level":"info","message":"Connection 7092 released"}
{"level":"info","message":"Connection 7093 released"}
{"level":"info","message":"Connection 7098 released"}
{"level":"info","message":"Connection 7099 released"}
{"level":"info","message":"Connection 7097 released"}
{"level":"info","message":"Connection 7094 acquired"}
{"level":"info","message":"Connection 7094 released"}
{"level":"info","message":"Connection 7092 acquired"}
{"level":"info","message":"Connection 7093 acquired"}
{"level":"info","message":"Connection 7096 acquired"}
{"level":"info","message":"Connection 7098 acquired"}
{"level":"info","message":"Connection 7095 acquired"}
{"level":"info","message":"Connection 7092 released"}
{"level":"info","message":"Connection 7093 released"}
{"level":"info","message":"Connection 7096 released"}
{"level":"info","message":"Connection 7095 released"}
{"level":"info","message":"Connection 7098 released"}
{"level":"info","message":"Connection 7099 acquired"}
{"level":"info","message":"Connection 7099 released"}
{"level":"info","message":"Connection 7097 acquired"}
{"level":"info","message":"Connection 7092 acquired"}
{"level":"info","message":"Connection 7099 acquired"}
{"level":"info","message":"Connection 7093 acquired"}
{"level":"info","message":"Connection 7098 acquired"}
{"level":"info","message":"Connection 7095 acquired"}
{"level":"info","message":"Connection 7094 acquired"}
{"level":"info","message":"Connection 7096 acquired"}
{"level":"info","message":"Connection 7092 released"}
{"level":"info","message":"Connection 7093 released"}
{"level":"info","message":"Connection 7097 released"}
{"level":"info","message":"Connection 7099 released"}
{"level":"info","message":"Connection 7094 released"}
{"level":"info","message":"Connection 7098 released"}
{"level":"info","message":"Fetched users successfully"}
{"level":"info","message":"Connection 7095 released"}
{"level":"info","message":"Connection 7096 released"}
{"level":"info","message":"Connection 7092 acquired"}
{"level":"info","message":"Connection 7093 acquired"}
{"level":"info","message":"Connection 7097 acquired"}
{"level":"info","message":"Connection 7093 released"}
{"level":"info","message":"Connection 7092 released"}
{"level":"info","message":"Connection 7097 released"}
{"level":"info","message":"New database connection established with ID: 7112"}
{"level":"info","message":"Connection 7112 acquired"}
{"level":"info","message":"New database connection established with ID: 7113"}
{"level":"info","message":"Connection 7113 acquired"}
{"level":"info","message":"Connection 7112 released"}
{"level":"info","message":"Connection 7113 released"}
{"level":"info","message":"Connection 7094 acquired"}
{"level":"info","message":"Connection 7099 acquired"}
{"level":"info","message":"Connection 7092 acquired"}
{"level":"info","message":"Connection 7096 acquired"}
{"level":"info","message":"Connection 7097 acquired"}
{"level":"info","message":"Connection 7112 acquired"}
{"level":"info","message":"Connection 7095 acquired"}
{"level":"info","message":"Connection 7098 acquired"}
{"level":"info","message":"Connection 7093 acquired"}
{"level":"info","message":"Connection 7094 released"}
{"level":"info","message":"Connection 7099 released"}
{"level":"info","message":"Connection 7093 released"}
{"level":"info","message":"Connection 7092 released"}
{"level":"info","message":"Connection 7096 released"}
{"level":"info","message":"Connection 7112 released"}
{"level":"info","message":"Connection 7097 released"}
{"level":"info","message":"Connection 7098 released"}
{"level":"info","message":"Fetched users successfully"}
{"level":"info","message":"Connection 7095 released"}
{"level":"info","message":"Connection 7094 acquired"}
{"level":"info","message":"Connection 7113 acquired"}
{"level":"info","message":"Connection 7099 acquired"}
{"level":"info","message":"Connection 7092 acquired"}
{"level":"info","message":"Connection 7093 acquired"}
{"level":"info","message":"Connection 7093 released"}
{"level":"info","message":"Connection 7092 released"}
{"level":"info","message":"Connection 7094 released"}
{"level":"info","message":"Connection 7113 released"}
{"level":"info","message":"Connection 7099 released"}
{"level":"info","message":"Connection 7096 acquired"}
{"level":"info","message":"Connection 7096 released"}
{"level":"info","message":"Connection 7093 acquired"}
{"level":"info","message":"Connection 7112 acquired"}
{"level":"info","message":"Connection 7097 acquired"}
{"level":"info","message":"Connection 7095 acquired"}
{"level":"info","message":"Connection 7098 acquired"}
{"level":"info","message":"Connection 7093 released"}
{"level":"info","message":"Connection 7112 released"}
{"level":"info","message":"Connection 7097 released"}
{"level":"info","message":"Connection 7095 released"}
{"level":"info","message":"Connection 7098 released"}
{"level":"info","message":"Connection 7099 acquired"}
{"level":"info","message":"Connection 7093 acquired"}
{"level":"info","message":"Connection 7112 acquired"}
{"level":"info","message":"Connection 7096 acquired"}
{"level":"info","message":"Connection 7094 acquired"}
{"level":"info","message":"Connection 7092 acquired"}
{"level":"info","message":"Connection 7113 acquired"}
{"level":"info","message":"Connection 7093 released"}
{"level":"info","message":"Connection 7092 released"}
{"level":"info","message":"Fetched users successfully"}
{"level":"info","message":"Connection 7112 released"}
{"level":"info","message":"Connection 7094 released"}
{"level":"info","message":"Connection 7099 released"}
{"level":"info","message":"Connection 7096 released"}
{"level":"info","message":"Connection 7113 released"}
